{"level":"info","message":"[DB] Connecting to DB: localhost:3306","timestamp":"2026-03-11 15:21:21"}
{"level":"info","message":"[DB] Initialized DBModel","timestamp":"2026-03-11 15:21:21"}
{"level":"info","message":"server is running!","timestamp":"2026-03-11 15:21:21"}
{"level":"info","message":"[DB] Connecting to DB: localhost:3306","timestamp":"2026-03-11 15:30:47"}
{"level":"info","message":"[DB] Initialized DBModel","timestamp":"2026-03-11 15:30:47"}
{"level":"info","message":"server is running!","timestamp":"2026-03-11 15:30:47"}
{"level":"info","message":"[DB] Connecting to DB: localhost:3306","timestamp":"2026-03-11 15:30:59"}
{"level":"info","message":"[DB] Initialized DBModel","timestamp":"2026-03-11 15:30:59"}
{"level":"info","message":"server is running!","timestamp":"2026-03-11 15:30:59"}
{"level":"info","message":"[DB] Connecting to DB: localhost:3306","timestamp":"2026-03-11 15:31:49"}
{"level":"info","message":"[DB] Initialized DBModel","timestamp":"2026-03-11 15:31:49"}
{"level":"info","message":"server is running!","timestamp":"2026-03-11 15:31:49"}
{"level":"info","message":"[DB] Connecting to DB: localhost:3306","timestamp":"2026-03-11 15:39:36"}
{"level":"info","message":"[DB] Initialized DBModel","timestamp":"2026-03-11 15:39:36"}
{"level":"info","message":"server is running!","timestamp":"2026-03-11 15:39:36"}
{"level":"info","message":"[DB] Connecting to DB: localhost:3306","timestamp":"2026-03-11 15:41:08"}
{"level":"info","message":"[DB] Initialized DBModel","timestamp":"2026-03-11 15:41:09"}
{"level":"info","message":"server is running!","timestamp":"2026-03-11 15:41:09"}
{"level":"info","message":"[DB] Connecting to DB: localhost:3306","timestamp":"2026-03-11 15:41:12"}
{"level":"info","message":"[DB] Initialized DBModel","timestamp":"2026-03-11 15:41:12"}
{"level":"info","message":"server is running!","timestamp":"2026-03-11 15:41:12"}
{"level":"info","message":"[DB] Connecting to DB: localhost:3306","timestamp":"2026-03-11 16:28:58"}
{"level":"info","message":"[DB] Initialized DBModel","timestamp":"2026-03-11 16:28:58"}
{"level":"info","message":"server is running!","timestamp":"2026-03-11 16:28:58"}
{"level":"info","message":"[DB] Connecting to DB: localhost:3306","timestamp":"2026-03-11 16:29:34"}
{"level":"info","message":"[DB] Initialized DBModel","timestamp":"2026-03-11 16:29:34"}
{"level":"info","message":"server is running!","timestamp":"2026-03-11 16:29:34"}
{"level":"info","message":"[DB] Connecting to DB: localhost:3306","timestamp":"2026-03-11 16:29:52"}
{"level":"info","message":"[DB] Initialized DBModel","timestamp":"2026-03-11 16:29:52"}
{"level":"info","message":"server is running!","timestamp":"2026-03-11 16:29:52"}
{"level":"info","message":"[DB] Connecting to DB: localhost:3306","timestamp":"2026-03-11 16:30:21"}
{"level":"info","message":"[DB] Initialized DBModel","timestamp":"2026-03-11 16:30:21"}
{"level":"info","message":"server is running!","timestamp":"2026-03-11 16:30:21"}
{"level":"info","message":"[DB] Connecting to DB: localhost:3306","timestamp":"2026-03-11 16:30:37"}
{"level":"info","message":"[DB] Initialized DBModel","timestamp":"2026-03-11 16:30:37"}
{"level":"info","message":"server is running!","timestamp":"2026-03-11 16:30:37"}
{"level":"info","message":"[DB] Connecting to DB: localhost:3306","timestamp":"2026-03-11 16:30:56"}
{"level":"info","message":"[DB] Initialized DBModel","timestamp":"2026-03-11 16:30:56"}
{"level":"info","message":"server is running!","timestamp":"2026-03-11 16:30:56"}
{"level":"info","message":"[DB] Connecting to DB: localhost:3306","timestamp":"2026-03-11 16:30:57"}
{"level":"info","message":"[DB] Initialized DBModel","timestamp":"2026-03-11 16:30:57"}
{"level":"info","message":"server is running!","timestamp":"2026-03-11 16:30:57"}
{"level":"info","message":"[DB] Connecting to DB: localhost:3306","timestamp":"2026-03-11 16:31:08"}
{"level":"info","message":"[DB] Initialized DBModel","timestamp":"2026-03-11 16:31:08"}
{"level":"info","message":"server is running!","timestamp":"2026-03-11 16:31:08"}
{"level":"info","message":"[DB] Connecting to DB: localhost:3306","timestamp":"2026-03-11 16:32:59"}
{"level":"info","message":"[DB] Initialized DBModel","timestamp":"2026-03-11 16:32:59"}
{"level":"info","message":"server is running!","timestamp":"2026-03-11 16:32:59"}
{"level":"info","message":"[DB] Connecting to DB: localhost:3306","timestamp":"2026-03-11 16:33:03"}
{"level":"info","message":"[DB] Initialized DBModel","timestamp":"2026-03-11 16:33:03"}
{"level":"info","message":"server is running!","timestamp":"2026-03-11 16:33:03"}
{"level":"info","message":"[DB] Connecting to DB: localhost:3306","timestamp":"2026-03-11 16:33:27"}
{"level":"info","message":"[DB] Initialized DBModel","timestamp":"2026-03-11 16:33:27"}
{"level":"info","message":"server is running!","timestamp":"2026-03-11 16:33:27"}
{"level":"info","message":"[DB] Connecting to DB: localhost:3306","timestamp":"2026-03-11 16:33:46"}
{"level":"info","message":"[DB] Initialized DBModel","timestamp":"2026-03-11 16:33:46"}
{"level":"info","message":"server is running!","timestamp":"2026-03-11 16:33:46"}
{"level":"info","message":"[DB] Connecting to DB: localhost:3306","timestamp":"2026-03-11 16:34:58"}
{"level":"info","message":"[DB] Initialized DBModel","timestamp":"2026-03-11 16:34:59"}
{"level":"info","message":"server is running!","timestamp":"2026-03-11 16:34:59"}
{"level":"info","message":"[DB] Connecting to DB: localhost:3306","timestamp":"2026-03-11 16:35:48"}
{"level":"info","message":"[DB] Initialized DBModel","timestamp":"2026-03-11 16:35:48"}
{"level":"info","message":"server is running!","timestamp":"2026-03-11 16:35:48"}
{"level":"info","message":"[DB] Connecting to DB: localhost:3306","timestamp":"2026-03-11 16:35:55"}
{"level":"info","message":"[DB] Initialized DBModel","timestamp":"2026-03-11 16:35:55"}
{"level":"info","message":"server is running!","timestamp":"2026-03-11 16:35:55"}
{"level":"info","message":"[DB] Connecting to DB: localhost:3306","timestamp":"2026-03-11 16:36:39"}
{"level":"info","message":"[DB] Initialized DBModel","timestamp":"2026-03-11 16:36:39"}
{"level":"info","message":"server is running!","timestamp":"2026-03-11 16:36:39"}
{"level":"info","message":"[DB] Connecting to DB: localhost:3306","timestamp":"2026-03-11 16:36:58"}
{"level":"info","message":"[DB] Initialized DBModel","timestamp":"2026-03-11 16:36:58"}
{"level":"info","message":"server is running!","timestamp":"2026-03-11 16:36:58"}
{"level":"info","message":"[DB] Connecting to DB: localhost:3306","timestamp":"2026-03-11 16:37:31"}
{"level":"info","message":"[DB] Initialized DBModel","timestamp":"2026-03-11 16:37:31"}
{"level":"info","message":"server is running!","timestamp":"2026-03-11 16:37:31"}
{"level":"info","message":"[DB] Connecting to DB: localhost:3306","timestamp":"2026-03-11 16:37:37"}
{"level":"info","message":"[DB] Initialized DBModel","timestamp":"2026-03-11 16:37:37"}
{"level":"info","message":"server is running!","timestamp":"2026-03-11 16:37:37"}
{"level":"info","message":"[DB] Connecting to DB: localhost:3306","timestamp":"2026-03-11 16:38:16"}
{"level":"info","message":"[DB] Initialized DBModel","timestamp":"2026-03-11 16:38:16"}
{"level":"info","message":"server is running!","timestamp":"2026-03-11 16:38:16"}
{"level":"info","message":"[DB] Connecting to DB: localhost:3306","timestamp":"2026-03-11 16:38:18"}
{"level":"info","message":"[DB] Initialized DBModel","timestamp":"2026-03-11 16:38:18"}
{"level":"info","message":"server is running!","timestamp":"2026-03-11 16:38:18"}
{"level":"info","message":"[DB] Connecting to DB: localhost:3306","timestamp":"2026-03-11 16:39:08"}
{"level":"info","message":"[DB] Initialized DBModel","timestamp":"2026-03-11 16:39:08"}
{"level":"info","message":"server is running!","timestamp":"2026-03-11 16:39:08"}
{"level":"info","message":"[DB] Connecting to DB: localhost:3306","timestamp":"2026-03-11 16:39:24"}
{"level":"info","message":"[DB] Initialized DBModel","timestamp":"2026-03-11 16:39:24"}
{"level":"info","message":"server is running!","timestamp":"2026-03-11 16:39:24"}
{"level":"info","message":"[DB] Connecting to DB: localhost:3306","timestamp":"2026-03-11 16:39:27"}
{"level":"info","message":"[DB] Initialized DBModel","timestamp":"2026-03-11 16:39:27"}
{"level":"info","message":"server is running!","timestamp":"2026-03-11 16:39:27"}
{"level":"info","message":"[DB] Connecting to DB: localhost:3306","timestamp":"2026-03-11 16:40:13"}
{"level":"info","message":"[DB] Initialized DBModel","timestamp":"2026-03-11 16:40:13"}
{"level":"info","message":"server is running!","timestamp":"2026-03-11 16:40:13"}
{"level":"info","message":"[DB] Connecting to DB: localhost:3306","timestamp":"2026-03-11 16:41:33"}
{"level":"info","message":"[DB] Initialized DBModel","timestamp":"2026-03-11 16:41:33"}
{"level":"info","message":"server is running!","timestamp":"2026-03-11 16:41:33"}
{"level":"info","message":"[DB] Connecting to DB: localhost:3306","timestamp":"2026-03-11 16:43:44"}
{"level":"info","message":"[DB] Initialized DBModel","timestamp":"2026-03-11 16:43:45"}
{"level":"info","message":"server is running!","timestamp":"2026-03-11 16:43:45"}
{"level":"info","message":"[DB] Connecting to DB: localhost:3306","timestamp":"2026-03-11 17:50:25"}
{"level":"info","message":"[DB] Initialized DBModel","timestamp":"2026-03-11 17:50:25"}
{"level":"info","message":"server is running!","timestamp":"2026-03-11 17:50:25"}
{"level":"info","message":"[DB] Connecting to DB: localhost:3306","timestamp":"2026-03-11 17:54:37"}
{"level":"info","message":"[DB] Initialized DBModel","timestamp":"2026-03-11 17:54:38"}
{"level":"info","message":"server is running!","timestamp":"2026-03-11 17:54:38"}
{"level":"info","message":"[DB] Connecting to DB: localhost:3306","timestamp":"2026-03-11 17:54:50"}
{"level":"info","message":"[DB] Initialized DBModel","timestamp":"2026-03-11 17:54:50"}
{"level":"info","message":"server is running!","timestamp":"2026-03-11 17:54:50"}
{"level":"info","message":"[DB] Connecting to DB: localhost:3306","timestamp":"2026-03-11 17:55:30"}
{"level":"info","message":"[DB] Initialized DBModel","timestamp":"2026-03-11 17:55:31"}
{"level":"info","message":"server is running!","timestamp":"2026-03-11 17:55:31"}
{"level":"info","message":"[DB] Connecting to DB: localhost:3306","timestamp":"2026-03-11 17:57:34"}
{"level":"info","message":"[DB] Initialized DBModel","timestamp":"2026-03-11 17:57:34"}
{"level":"info","message":"server is running!","timestamp":"2026-03-11 17:57:34"}
{"level":"info","message":"[DB] Connecting to DB: localhost:3306","timestamp":"2026-03-11 17:58:50"}
{"level":"info","message":"[DB] Initialized DBModel","timestamp":"2026-03-11 17:58:50"}
{"level":"info","message":"server is running!","timestamp":"2026-03-11 17:58:50"}
{"level":"info","message":"[DB] Connecting to DB: localhost:3306","timestamp":"2026-03-11 17:59:24"}
{"level":"info","message":"[DB] Initialized DBModel","timestamp":"2026-03-11 17:59:24"}
{"level":"info","message":"server is running!","timestamp":"2026-03-11 17:59:24"}
{"level":"info","message":"[DB] Connecting to DB: localhost:3306","timestamp":"2026-03-11 17:59:29"}
{"level":"info","message":"[DB] Initialized DBModel","timestamp":"2026-03-11 17:59:29"}
{"level":"info","message":"server is running!","timestamp":"2026-03-11 17:59:29"}
{"level":"info","message":"[DB] Connecting to DB: localhost:3306","timestamp":"2026-03-11 22:02:24"}
{"level":"info","message":"[DB] Initialized DBModel","timestamp":"2026-03-11 22:02:34"}
{"level":"info","message":"server is running!","timestamp":"2026-03-11 22:02:34"}
{"level":"info","message":"[DB] Connecting to DB: localhost:3306","timestamp":"2026-03-11 22:03:47"}
{"level":"info","message":"[DB] Initialized DBModel","timestamp":"2026-03-11 22:03:58"}
{"level":"info","message":"server is running!","timestamp":"2026-03-11 22:03:58"}
{"level":"info","message":"[DB] Connecting to DB: localhost:3306","timestamp":"2026-03-11 22:12:02"}
{"level":"info","message":"[DB] Initialized DBModel","timestamp":"2026-03-11 22:12:02"}
{"level":"info","message":"server is running!","timestamp":"2026-03-11 22:12:02"}
{"level":"info","message":"[DB] Connecting to DB: localhost:3306","timestamp":"2026-03-11 22:12:14"}
{"level":"info","message":"[DB] Initialized DBModel","timestamp":"2026-03-11 22:12:14"}
{"level":"info","message":"server is running!","timestamp":"2026-03-11 22:12:14"}
{"level":"info","message":"[DB] Connecting to DB: localhost:3306","timestamp":"2026-03-11 22:23:29"}
{"level":"info","message":"[DB] Initialized DBModel","timestamp":"2026-03-11 22:23:29"}
{"level":"info","message":"server is running!","timestamp":"2026-03-11 22:23:29"}
{"level":"info","message":"[DB] Connecting to DB: localhost:3306","timestamp":"2026-03-11 22:24:31"}
{"level":"info","message":"[DB] Initialized DBModel","timestamp":"2026-03-11 22:24:32"}
{"level":"info","message":"server is running!","timestamp":"2026-03-11 22:24:32"}
{"level":"info","message":"[DB] Connecting to DB: localhost:3306","timestamp":"2026-03-11 22:24:44"}
{"level":"info","message":"[DB] Initialized DBModel","timestamp":"2026-03-11 22:24:44"}
{"level":"info","message":"server is running!","timestamp":"2026-03-11 22:24:44"}
{"level":"info","message":"[DB] Connecting to DB: localhost:3306","timestamp":"2026-03-11 22:26:53"}
{"level":"info","message":"[DB] Initialized DBModel","timestamp":"2026-03-11 22:26:53"}
{"level":"info","message":"server is running!","timestamp":"2026-03-11 22:26:53"}
{"level":"info","message":"[DB] Connecting to DB: localhost:3306","timestamp":"2026-03-11 22:29:12"}
{"level":"info","message":"[DB] Initialized DBModel","timestamp":"2026-03-11 22:29:12"}
{"level":"info","message":"server is running!","timestamp":"2026-03-11 22:29:12"}
{"level":"info","message":"[DB] Connecting to DB: localhost:3306","timestamp":"2026-03-11 22:29:38"}
{"level":"info","message":"[DB] Initialized DBModel","timestamp":"2026-03-11 22:29:39"}
{"level":"info","message":"server is running!","timestamp":"2026-03-11 22:29:39"}
{"level":"info","message":"[DB] Connecting to DB: localhost:3306","timestamp":"2026-03-11 22:29:47"}
{"level":"info","message":"[DB] Initialized DBModel","timestamp":"2026-03-11 22:29:47"}
{"level":"info","message":"server is running!","timestamp":"2026-03-11 22:29:47"}
{"level":"info","message":"[DB] Connecting to DB: localhost:3306","timestamp":"2026-03-11 22:30:40"}
{"level":"info","message":"[DB] Initialized DBModel","timestamp":"2026-03-11 22:30:40"}
{"level":"info","message":"server is running!","timestamp":"2026-03-11 22:30:40"}
{"level":"info","message":"[DB] Connecting to DB: localhost:3306","timestamp":"2026-03-11 22:31:14"}
{"level":"info","message":"[DB] Initialized DBModel","timestamp":"2026-03-11 22:31:14"}
{"level":"info","message":"server is running!","timestamp":"2026-03-11 22:31:14"}
{"level":"info","message":"[DB] Connecting to DB: localhost:3306","timestamp":"2026-03-11 22:31:35"}
{"level":"info","message":"[DB] Initialized DBModel","timestamp":"2026-03-11 22:31:35"}
{"level":"info","message":"server is running!","timestamp":"2026-03-11 22:31:35"}
{"level":"info","message":"[DB] Connecting to DB: localhost:3306","timestamp":"2026-03-11 22:32:55"}
{"level":"info","message":"[DB] Initialized DBModel","timestamp":"2026-03-11 22:32:55"}
{"level":"info","message":"server is running!","timestamp":"2026-03-11 22:32:55"}
{"level":"info","message":"[DB] Connecting to DB: localhost:3306","timestamp":"2026-03-11 22:35:32"}
{"level":"info","message":"[DB] Initialized DBModel","timestamp":"2026-03-11 22:35:32"}
{"level":"info","message":"server is running!","timestamp":"2026-03-11 22:35:32"}
{"level":"info","message":"[DB] Connecting to DB: localhost:3306","timestamp":"2026-03-11 22:36:03"}
{"level":"info","message":"[DB] Initialized DBModel","timestamp":"2026-03-11 22:36:03"}
{"level":"info","message":"server is running!","timestamp":"2026-03-11 22:36:03"}
{"level":"info","message":"[DB] Connecting to DB: localhost:3306","timestamp":"2026-03-11 22:36:25"}
{"level":"info","message":"[DB] Initialized DBModel","timestamp":"2026-03-11 22:36:25"}
{"level":"info","message":"server is running!","timestamp":"2026-03-11 22:36:25"}
{"level":"info","message":"[DB] Connecting to DB: localhost:3306","timestamp":"2026-03-11 22:36:47"}
{"level":"info","message":"[DB] Initialized DBModel","timestamp":"2026-03-11 22:36:47"}
{"level":"info","message":"server is running!","timestamp":"2026-03-11 22:36:47"}
{"level":"info","message":"[DB] Connecting to DB: localhost:3306","timestamp":"2026-03-11 22:37:44"}
{"level":"info","message":"[DB] Initialized DBModel","timestamp":"2026-03-11 22:37:44"}
{"level":"info","message":"server is running!","timestamp":"2026-03-11 22:37:44"}
{"level":"info","message":"[DB] Connecting to DB: localhost:3306","timestamp":"2026-03-11 22:38:26"}
{"level":"info","message":"[DB] Initialized DBModel","timestamp":"2026-03-11 22:38:27"}
{"level":"info","message":"server is running!","timestamp":"2026-03-11 22:38:27"}
{"level":"info","message":"[DB] Connecting to DB: localhost:3306","timestamp":"2026-03-11 22:39:14"}
{"level":"info","message":"[DB] Initialized DBModel","timestamp":"2026-03-11 22:39:14"}
{"level":"info","message":"server is running!","timestamp":"2026-03-11 22:39:14"}
{"level":"info","message":"[DB] Connecting to DB: localhost:3306","timestamp":"2026-03-11 22:39:33"}
{"level":"info","message":"[DB] Initialized DBModel","timestamp":"2026-03-11 22:39:33"}
{"level":"info","message":"server is running!","timestamp":"2026-03-11 22:39:33"}
{"level":"info","message":"[DB] Connecting to DB: localhost:3306","timestamp":"2026-03-11 22:47:48"}
{"level":"info","message":"[DB] Initialized DBModel","timestamp":"2026-03-11 22:47:48"}
{"level":"info","message":"server is running!","timestamp":"2026-03-11 22:47:48"}
{"level":"info","message":"[DB] Connecting to DB: localhost:3306","timestamp":"2026-03-11 22:50:09"}
{"level":"info","message":"[DB] Initialized DBModel","timestamp":"2026-03-11 22:50:09"}
{"level":"info","message":"server is running!","timestamp":"2026-03-11 22:50:09"}
{"level":"info","message":"[DB] Connecting to DB: localhost:3306","timestamp":"2026-03-11 22:50:36"}
{"level":"info","message":"[DB] Initialized DBModel","timestamp":"2026-03-11 22:50:36"}
{"level":"info","message":"server is running!","timestamp":"2026-03-11 22:50:36"}
{"level":"info","message":"[DB] Connecting to DB: localhost:3306","timestamp":"2026-03-11 22:50:39"}
{"level":"info","message":"[DB] Initialized DBModel","timestamp":"2026-03-11 22:50:39"}
{"level":"info","message":"server is running!","timestamp":"2026-03-11 22:50:39"}
{"level":"info","message":"[DB] Connecting to DB: localhost:3306","timestamp":"2026-03-11 22:56:26"}
{"level":"info","message":"[DB] Initialized DBModel","timestamp":"2026-03-11 22:56:26"}
{"level":"info","message":"server is running!","timestamp":"2026-03-11 22:56:26"}
{"level":"info","message":"[DB] Connecting to DB: localhost:3306","timestamp":"2026-03-11 22:59:23"}
{"level":"info","message":"[DB] Initialized DBModel","timestamp":"2026-03-11 22:59:24"}
{"level":"info","message":"server is running!","timestamp":"2026-03-11 22:59:24"}
{"level":"info","message":"[DB] Connecting to DB: localhost:3306","timestamp":"2026-03-11 22:59:24"}
{"level":"info","message":"[DB] Initialized DBModel","timestamp":"2026-03-11 22:59:24"}
{"level":"info","message":"server is running!","timestamp":"2026-03-11 22:59:24"}
{"level":"info","message":"[DB] Connecting to DB: localhost:3306","timestamp":"2026-03-11 23:00:12"}
{"level":"info","message":"[DB] Initialized DBModel","timestamp":"2026-03-11 23:00:12"}
{"level":"info","message":"server is running!","timestamp":"2026-03-11 23:00:12"}
{"level":"info","message":"[DB] Connecting to DB: localhost:3306","timestamp":"2026-03-11 23:06:14"}
{"level":"info","message":"[DB] Initialized DBModel","timestamp":"2026-03-11 23:06:15"}
{"level":"info","message":"server is running!","timestamp":"2026-03-11 23:06:15"}
{"level":"info","message":"[DB] Connecting to DB: localhost:3306","timestamp":"2026-03-11 23:06:42"}
{"level":"info","message":"[DB] Initialized DBModel","timestamp":"2026-03-11 23:06:42"}
{"level":"info","message":"server is running!","timestamp":"2026-03-11 23:06:42"}
{"level":"info","message":"[DB] Connecting to DB: localhost:3306","timestamp":"2026-03-11 23:07:33"}
{"level":"info","message":"[DB] Initialized DBModel","timestamp":"2026-03-11 23:07:33"}
{"level":"info","message":"server is running!","timestamp":"2026-03-11 23:07:33"}
{"level":"info","message":"[DB] Connecting to DB: localhost:3306","timestamp":"2026-03-11 23:09:02"}
{"level":"info","message":"[DB] Initialized DBModel","timestamp":"2026-03-11 23:09:02"}
{"level":"info","message":"server is running!","timestamp":"2026-03-11 23:09:02"}
{"level":"info","message":"[DB] Connecting to DB: localhost:3306","timestamp":"2026-03-11 23:10:18"}
{"level":"info","message":"[DB] Initialized DBModel","timestamp":"2026-03-11 23:10:18"}
{"level":"info","message":"server is running!","timestamp":"2026-03-11 23:10:18"}
{"level":"info","message":"[DB] Connecting to DB: localhost:3306","timestamp":"2026-03-11 23:12:12"}
{"level":"info","message":"[DB] Initialized DBModel","timestamp":"2026-03-11 23:12:12"}
{"level":"info","message":"server is running!","timestamp":"2026-03-11 23:12:12"}
{"level":"info","message":"[DB] Connecting to DB: localhost:3306","timestamp":"2026-03-11 23:14:03"}
{"level":"info","message":"[DB] Initialized DBModel","timestamp":"2026-03-11 23:14:04"}
{"level":"info","message":"server is running!","timestamp":"2026-03-11 23:14:04"}
{"level":"info","message":"[DB] Connecting to DB: localhost:3306","timestamp":"2026-03-11 23:14:52"}
{"level":"info","message":"[DB] Initialized DBModel","timestamp":"2026-03-11 23:14:53"}
{"level":"info","message":"server is running!","timestamp":"2026-03-11 23:14:53"}
{"level":"info","message":"[DB] Connecting to DB: localhost:3306","timestamp":"2026-03-11 23:15:54"}
{"level":"info","message":"[DB] Initialized DBModel","timestamp":"2026-03-11 23:15:54"}
{"level":"info","message":"server is running!","timestamp":"2026-03-11 23:15:54"}
{"level":"info","message":"[DB] Connecting to DB: localhost:3306","timestamp":"2026-03-12 12:59:22"}
{"level":"info","message":"[DB] Initialized DBModel","timestamp":"2026-03-12 12:59:22"}
{"level":"info","message":"server is running!","timestamp":"2026-03-12 12:59:22"}
{"level":"info","message":"[DB] Connecting to DB: localhost:3306","timestamp":"2026-03-12 13:02:25"}
{"level":"info","message":"[DB] Initialized DBModel","timestamp":"2026-03-12 13:02:25"}
{"level":"info","message":"server is running!","timestamp":"2026-03-12 13:02:25"}
{"level":"info","message":"[DB] Connecting to DB: localhost:3306","timestamp":"2026-03-12 15:14:26"}
{"level":"info","message":"[DB] Initialized DBModel","timestamp":"2026-03-12 15:14:26"}
{"level":"info","message":"[redis] connecting to redis://:@localhost:6379","timestamp":"2026-03-12 15:14:26"}
{"level":"info","message":"server is running!","timestamp":"2026-03-12 15:14:26"}
{"level":"info","message":"[DB] Connecting to DB: localhost:3306","timestamp":"2026-03-12 16:39:13"}
{"level":"info","message":"[DB] Initialized DBModel","timestamp":"2026-03-12 16:39:13"}
{"level":"info","message":"[redis] connecting to redis://:@localhost:6379","timestamp":"2026-03-12 16:39:13"}
{"level":"info","message":"server is running!","timestamp":"2026-03-12 16:39:13"}
{"level":"info","message":"[DB] Connecting to DB: localhost:3306","timestamp":"2026-03-12 16:39:29"}
{"level":"info","message":"[DB] Initialized DBModel","timestamp":"2026-03-12 16:39:29"}
{"level":"info","message":"[redis] connecting to redis://:@localhost:6379","timestamp":"2026-03-12 16:39:29"}
{"level":"info","message":"server is running!","timestamp":"2026-03-12 16:39:29"}
{"level":"info","message":"[DB] Connecting to DB: localhost:3306","timestamp":"2026-03-12 16:39:43"}
{"level":"info","message":"[DB] Initialized DBModel","timestamp":"2026-03-12 16:39:43"}
{"level":"info","message":"[redis] connecting to redis://:@localhost:6379","timestamp":"2026-03-12 16:39:43"}
{"level":"info","message":"server is running!","timestamp":"2026-03-12 16:39:43"}
{"level":"info","message":"[DB] Connecting to DB: localhost:3306","timestamp":"2026-03-12 16:40:58"}
{"level":"info","message":"[DB] Initialized DBModel","timestamp":"2026-03-12 16:40:58"}
{"level":"info","message":"[redis] connecting to redis://:@localhost:6379","timestamp":"2026-03-12 16:40:58"}
{"level":"info","message":"server is running!","timestamp":"2026-03-12 16:40:58"}
{"level":"info","message":"[DB] Connecting to DB: localhost:3306","timestamp":"2026-03-12 16:43:21"}
{"level":"info","message":"[DB] Initialized DBModel","timestamp":"2026-03-12 16:43:21"}
{"level":"info","message":"[redis] connecting to redis://:@localhost:6379","timestamp":"2026-03-12 16:43:21"}
{"level":"info","message":"server is running!","timestamp":"2026-03-12 16:43:21"}
{"level":"info","message":"[DB] Connecting to DB: localhost:3306","timestamp":"2026-03-12 16:43:28"}
{"level":"info","message":"[DB] Initialized DBModel","timestamp":"2026-03-12 16:43:28"}
{"level":"info","message":"[redis] connecting to redis://:@localhost:6379","timestamp":"2026-03-12 16:43:28"}
{"level":"info","message":"server is running!","timestamp":"2026-03-12 16:43:28"}
{"level":"info","message":"[DB] Connecting to DB: localhost:3306","timestamp":"2026-03-12 16:44:53"}
{"level":"info","message":"[DB] Initialized DBModel","timestamp":"2026-03-12 16:44:53"}
{"level":"info","message":"[redis] connecting to redis://:@localhost:6379","timestamp":"2026-03-12 16:44:53"}
{"level":"info","message":"server is running!","timestamp":"2026-03-12 16:44:53"}
{"level":"info","message":"[DB] Connecting to DB: localhost:3306","timestamp":"2026-03-12 16:45:34"}
{"level":"info","message":"[DB] Initialized DBModel","timestamp":"2026-03-12 16:45:34"}
{"level":"info","message":"[redis] connecting to redis://:@localhost:6379","timestamp":"2026-03-12 16:45:34"}
{"level":"info","message":"server is running!","timestamp":"2026-03-12 16:45:34"}
{"level":"info","message":"[DB] Connecting to DB: localhost:3306","timestamp":"2026-03-12 16:46:45"}
{"level":"info","message":"[DB] Initialized DBModel","timestamp":"2026-03-12 16:46:45"}
{"level":"info","message":"[redis] connecting to redis://:@localhost:6379","timestamp":"2026-03-12 16:46:45"}
{"level":"info","message":"server is running!","timestamp":"2026-03-12 16:46:45"}
{"level":"info","message":"[DB] Connecting to DB: localhost:3306","timestamp":"2026-03-12 16:47:54"}
{"level":"info","message":"[DB] Initialized DBModel","timestamp":"2026-03-12 16:47:54"}
{"level":"info","message":"[redis] connecting to redis://:@localhost:6379","timestamp":"2026-03-12 16:47:54"}
{"level":"info","message":"server is running!","timestamp":"2026-03-12 16:47:54"}
{"level":"info","message":"[DB] Connecting to DB: localhost:3306","timestamp":"2026-03-12 16:48:18"}
{"level":"info","message":"[DB] Initialized DBModel","timestamp":"2026-03-12 16:48:18"}
{"level":"info","message":"[redis] connecting to redis://:@localhost:6379","timestamp":"2026-03-12 16:48:18"}
{"level":"info","message":"server is running!","timestamp":"2026-03-12 16:48:18"}
{"level":"info","message":"[DB] Connecting to DB: localhost:3306","timestamp":"2026-03-12 16:48:44"}
{"level":"info","message":"[DB] Initialized DBModel","timestamp":"2026-03-12 16:48:44"}
{"level":"info","message":"[redis] connecting to redis://:@localhost:6379","timestamp":"2026-03-12 16:48:44"}
{"level":"info","message":"server is running!","timestamp":"2026-03-12 16:48:44"}
{"level":"info","message":"[DB] Connecting to DB: localhost:3306","timestamp":"2026-03-12 16:49:25"}
{"level":"info","message":"[DB] Initialized DBModel","timestamp":"2026-03-12 16:49:25"}
{"level":"info","message":"[redis] connecting to redis://:@localhost:6379","timestamp":"2026-03-12 16:49:25"}
{"level":"info","message":"server is running!","timestamp":"2026-03-12 16:49:25"}
{"level":"info","message":"[DB] Connecting to DB: localhost:3306","timestamp":"2026-03-12 16:51:10"}
{"level":"info","message":"[DB] Initialized DBModel","timestamp":"2026-03-12 16:51:10"}
{"level":"info","message":"[redis] connecting to redis://:@localhost:6379","timestamp":"2026-03-12 16:51:10"}
{"level":"info","message":"server is running!","timestamp":"2026-03-12 16:51:10"}
{"level":"info","message":"[DB] Connecting to DB: localhost:3306","timestamp":"2026-03-12 16:54:37"}
{"level":"info","message":"[DB] Initialized DBModel","timestamp":"2026-03-12 16:54:37"}
{"level":"info","message":"[redis] connecting to redis://:@localhost:6379","timestamp":"2026-03-12 16:54:37"}
{"level":"info","message":"server is running!","timestamp":"2026-03-12 16:54:37"}
{"level":"info","message":"[DB] Connecting to DB: localhost:3306","timestamp":"2026-03-12 16:54:49"}
{"level":"info","message":"[DB] Initialized DBModel","timestamp":"2026-03-12 16:54:49"}
{"level":"info","message":"[redis] connecting to redis://:@localhost:6379","timestamp":"2026-03-12 16:54:49"}
{"level":"info","message":"server is running!","timestamp":"2026-03-12 16:54:49"}
{"level":"info","message":"[DB] Connecting to DB: localhost:3306","timestamp":"2026-03-12 16:56:19"}
{"level":"info","message":"[DB] Initialized DBModel","timestamp":"2026-03-12 16:56:19"}
{"level":"info","message":"[redis] connecting to redis://:@localhost:6379","timestamp":"2026-03-12 16:56:19"}
{"level":"info","message":"server is running!","timestamp":"2026-03-12 16:56:19"}
{"level":"info","message":"[DB] Connecting to DB: localhost:3306","timestamp":"2026-03-12 16:56:50"}
{"level":"info","message":"[DB] Initialized DBModel","timestamp":"2026-03-12 16:56:50"}
{"level":"info","message":"[redis] connecting to redis://:@localhost:6379","timestamp":"2026-03-12 16:56:50"}
{"level":"info","message":"server is running!","timestamp":"2026-03-12 16:56:50"}
{"level":"info","message":"[DB] Connecting to DB: localhost:3306","timestamp":"2026-03-12 16:57:13"}
{"level":"info","message":"[DB] Initialized DBModel","timestamp":"2026-03-12 16:57:14"}
{"level":"info","message":"[redis] connecting to redis://:@localhost:6379","timestamp":"2026-03-12 16:57:14"}
{"level":"info","message":"server is running!","timestamp":"2026-03-12 16:57:14"}
{"level":"info","message":"[DB] Connecting to DB: localhost:3306","timestamp":"2026-03-12 17:02:24"}
{"level":"info","message":"[DB] Initialized DBModel","timestamp":"2026-03-12 17:02:24"}
{"level":"info","message":"[redis] connecting to redis://:@localhost:6379","timestamp":"2026-03-12 17:02:24"}
{"level":"info","message":"server is running!","timestamp":"2026-03-12 17:02:24"}
{"level":"info","message":"[DB] Connecting to DB: localhost:3306","timestamp":"2026-03-12 17:04:31"}
{"level":"info","message":"[DB] Initialized DBModel","timestamp":"2026-03-12 17:04:31"}
{"level":"info","message":"[redis] connecting to redis://:@localhost:6379","timestamp":"2026-03-12 17:04:31"}
{"level":"info","message":"server is running!","timestamp":"2026-03-12 17:04:31"}
{"level":"info","message":"[DB] Connecting to DB: localhost:3306","timestamp":"2026-03-12 17:06:10"}
{"level":"info","message":"[DB] Initialized DBModel","timestamp":"2026-03-12 17:06:10"}
{"level":"info","message":"[redis] connecting to redis://:@localhost:6379","timestamp":"2026-03-12 17:06:10"}
{"level":"info","message":"server is running!","timestamp":"2026-03-12 17:06:10"}
{"level":"info","message":"[DB] Connecting to DB: localhost:3306","timestamp":"2026-03-12 17:07:20"}
{"level":"info","message":"[DB] Initialized DBModel","timestamp":"2026-03-12 17:07:20"}
{"level":"info","message":"[redis] connecting to redis://:@localhost:6379","timestamp":"2026-03-12 17:07:20"}
{"level":"info","message":"server is running!","timestamp":"2026-03-12 17:07:20"}
{"level":"info","message":"[DB] Connecting to DB: localhost:3306","timestamp":"2026-03-12 17:08:15"}
{"level":"info","message":"[DB] Initialized DBModel","timestamp":"2026-03-12 17:08:15"}
{"level":"info","message":"[redis] connecting to redis://:@localhost:6379","timestamp":"2026-03-12 17:08:15"}
{"level":"info","message":"server is running!","timestamp":"2026-03-12 17:08:15"}
{"level":"info","message":"[DB] Connecting to DB: localhost:3306","timestamp":"2026-03-12 17:08:31"}
{"level":"info","message":"[DB] Initialized DBModel","timestamp":"2026-03-12 17:08:31"}
{"level":"info","message":"[redis] connecting to redis://:@localhost:6379","timestamp":"2026-03-12 17:08:31"}
{"level":"info","message":"server is running!","timestamp":"2026-03-12 17:08:31"}
{"level":"info","message":"[DB] Connecting to DB: localhost:3306","timestamp":"2026-03-12 17:08:59"}
{"level":"info","message":"[DB] Initialized DBModel","timestamp":"2026-03-12 17:08:59"}
{"level":"info","message":"[redis] connecting to redis://:@localhost:6379","timestamp":"2026-03-12 17:08:59"}
{"level":"info","message":"server is running!","timestamp":"2026-03-12 17:08:59"}
{"level":"info","message":"[DB] Connecting to DB: localhost:3306","timestamp":"2026-03-12 17:09:18"}
{"level":"info","message":"[DB] Initialized DBModel","timestamp":"2026-03-12 17:09:18"}
{"level":"info","message":"[redis] connecting to redis://:@localhost:6379","timestamp":"2026-03-12 17:09:18"}
{"level":"info","message":"server is running!","timestamp":"2026-03-12 17:09:18"}
{"level":"info","message":"[DB] Connecting to DB: localhost:3306","timestamp":"2026-03-12 17:09:43"}
{"level":"info","message":"[DB] Initialized DBModel","timestamp":"2026-03-12 17:09:43"}
{"level":"info","message":"[redis] connecting to redis://:@localhost:6379","timestamp":"2026-03-12 17:09:43"}
{"level":"info","message":"server is running!","timestamp":"2026-03-12 17:09:43"}
{"level":"info","message":"[DB] Connecting to DB: localhost:3306","timestamp":"2026-03-12 17:10:25"}
{"level":"info","message":"[DB] Initialized DBModel","timestamp":"2026-03-12 17:10:25"}
{"level":"info","message":"[redis] connecting to redis://:@localhost:6379","timestamp":"2026-03-12 17:10:25"}
{"level":"info","message":"server is running!","timestamp":"2026-03-12 17:10:25"}
{"level":"info","message":"[DB] Connecting to DB: localhost:3306","timestamp":"2026-03-12 17:10:51"}
{"level":"info","message":"[DB] Initialized DBModel","timestamp":"2026-03-12 17:10:51"}
{"level":"info","message":"[redis] connecting to redis://:@localhost:6379","timestamp":"2026-03-12 17:10:51"}
{"level":"info","message":"server is running!","timestamp":"2026-03-12 17:10:51"}
{"level":"info","message":"[DB] Connecting to DB: localhost:3306","timestamp":"2026-03-12 17:11:35"}
{"level":"info","message":"[DB] Initialized DBModel","timestamp":"2026-03-12 17:11:35"}
{"level":"info","message":"[redis] connecting to redis://:@localhost:6379","timestamp":"2026-03-12 17:11:35"}
{"level":"info","message":"server is running!","timestamp":"2026-03-12 17:11:35"}
{"level":"info","message":"[DB] Connecting to DB: localhost:3306","timestamp":"2026-03-12 17:12:18"}
{"level":"info","message":"[DB] Initialized DBModel","timestamp":"2026-03-12 17:12:18"}
{"level":"info","message":"[redis] connecting to redis://:@localhost:6379","timestamp":"2026-03-12 17:12:18"}
{"level":"info","message":"server is running!","timestamp":"2026-03-12 17:12:18"}
{"level":"info","message":"[DB] Connecting to DB: localhost:3306","timestamp":"2026-03-12 17:13:08"}
{"level":"info","message":"[DB] Initialized DBModel","timestamp":"2026-03-12 17:13:09"}
{"level":"info","message":"[redis] connecting to redis://:@localhost:6379","timestamp":"2026-03-12 17:13:09"}
{"level":"info","message":"server is running!","timestamp":"2026-03-12 17:13:09"}
{"level":"info","message":"[DB] Connecting to DB: localhost:3306","timestamp":"2026-03-12 17:14:35"}
{"level":"info","message":"[DB] Initialized DBModel","timestamp":"2026-03-12 17:14:35"}
{"level":"info","message":"[redis] connecting to \u001b[34mredis://:@localhost:6379\u001b[0m","timestamp":"2026-03-12 17:14:35"}
{"level":"info","message":"server is running!","timestamp":"2026-03-12 17:14:35"}
{"level":"info","message":"[DB] Connecting to DB: \u001b[34mlocalhost:3306[0m","timestamp":"2026-03-12 17:15:13"}
{"level":"info","message":"[DB] Initialized DBModel","timestamp":"2026-03-12 17:15:13"}
{"level":"info","message":"[redis] connecting to \u001b[34mredis://:@localhost:6379\u001b[0m","timestamp":"2026-03-12 17:15:13"}
{"level":"info","message":"server is running!","timestamp":"2026-03-12 17:15:13"}
{"level":"info","message":"[DB] Connecting to DB: \u001b[34mlocalhost:3306\u001b[0m","timestamp":"2026-03-12 17:15:35"}
{"level":"info","message":"[DB] Initialized DBModel","timestamp":"2026-03-12 17:15:35"}
{"level":"info","message":"[redis] connecting to \u001b[34mredis://:@localhost:6379\u001b[0m","timestamp":"2026-03-12 17:15:35"}
{"level":"info","message":"server is running!","timestamp":"2026-03-12 17:15:35"}
{"clientVersion":"7.4.2","code":"P2022","level":"error","meta":{"driverAdapterError":{"cause":{"column":"type","kind":"ColumnNotFound","originalCode":"1054","originalMessage":"Unknown column 'type' in 'field list'"},"name":"DriverAdapterError"},"modelName":"user"},"name":"PrismaClientKnownRequestError","timestamp":"2026-03-12 17:16:38"}
{"clientVersion":"7.4.2","code":"P2022","level":"error","meta":{"driverAdapterError":{"cause":{"column":"type","kind":"ColumnNotFound","originalCode":"1054","originalMessage":"Unknown column 'type' in 'field list'"},"name":"DriverAdapterError"},"modelName":"user"},"name":"PrismaClientKnownRequestError","timestamp":"2026-03-12 17:16:59"}
{"level":"info","message":"[DB] Connecting to DB: \u001b[34mlocalhost:3306\u001b[0m","timestamp":"2026-03-12 17:17:49"}
{"level":"info","message":"[DB] Initialized DBModel","timestamp":"2026-03-12 17:17:49"}
{"level":"info","message":"[redis] connecting to \u001b[34mredis://:@localhost:6379\u001b[0m","timestamp":"2026-03-12 17:17:49"}
{"level":"info","message":"server is running!","timestamp":"2026-03-12 17:17:49"}
{"clientVersion":"7.4.2","code":"P2022","level":"error","meta":{"driverAdapterError":{"cause":{"column":"type","kind":"ColumnNotFound","originalCode":"1054","originalMessage":"Unknown column 'type' in 'field list'"},"name":"DriverAdapterError"},"modelName":"user"},"name":"PrismaClientKnownRequestError","timestamp":"2026-03-12 17:17:57"}
{"clientVersion":"7.4.2","code":"P2022","level":"error","meta":{"driverAdapterError":{"cause":{"column":"type","kind":"ColumnNotFound","originalCode":"1054","originalMessage":"Unknown column 'type' in 'field list'"},"name":"DriverAdapterError"},"modelName":"user"},"name":"PrismaClientKnownRequestError","timestamp":"2026-03-12 17:18:06"}
{"level":"info","message":"[DB] Connecting to DB: \u001b[34mlocalhost:3306\u001b[0m","timestamp":"2026-03-12 17:19:07"}
{"level":"info","message":"[DB] Initialized DBModel","timestamp":"2026-03-12 17:19:07"}
{"level":"info","message":"[redis] connecting to \u001b[34mredis://:@localhost:6379\u001b[0m","timestamp":"2026-03-12 17:19:07"}
{"level":"info","message":"server is running!","timestamp":"2026-03-12 17:19:07"}
{"level":"info","message":"[DB] Connecting to DB: \u001b[34mlocalhost:3306\u001b[0m","timestamp":"2026-03-12 17:19:24"}
{"level":"info","message":"[DB] Initialized DBModel","timestamp":"2026-03-12 17:19:25"}
{"level":"info","message":"[redis] connecting to \u001b[34mredis://:@localhost:6379\u001b[0m","timestamp":"2026-03-12 17:19:25"}
{"level":"info","message":"server is running!","timestamp":"2026-03-12 17:19:25"}
{"clientVersion":"7.4.2","code":"P2022","level":"error","meta":{"driverAdapterError":{"cause":{"column":"type","kind":"ColumnNotFound","originalCode":"1054","originalMessage":"Unknown column 'type' in 'field list'"},"name":"DriverAdapterError"},"modelName":"user"},"name":"PrismaClientKnownRequestError","timestamp":"2026-03-12 17:19:28"}
{"level":"info","message":"[DB] Connecting to DB: \u001b[34mlocalhost:3306\u001b[0m","timestamp":"2026-03-12 17:19:34"}
{"level":"info","message":"[DB] Initialized DBModel","timestamp":"2026-03-12 17:19:34"}
{"level":"info","message":"[redis] connecting to \u001b[34mredis://:@localhost:6379\u001b[0m","timestamp":"2026-03-12 17:19:34"}
{"level":"info","message":"server is running!","timestamp":"2026-03-12 17:19:34"}
{"level":"info","message":"[DB] Connecting to DB: \u001b[34mlocalhost:3306\u001b[0m","timestamp":"2026-03-12 17:20:19"}
{"level":"info","message":"[DB] Initialized DBModel","timestamp":"2026-03-12 17:20:19"}
{"level":"info","message":"[redis] connecting to \u001b[34mredis://:@localhost:6379\u001b[0m","timestamp":"2026-03-12 17:20:19"}
{"level":"info","message":"server is running!","timestamp":"2026-03-12 17:20:19"}
{"level":"info","message":"[DB] Connecting to DB: \u001b[34mlocalhost:3306\u001b[0m","timestamp":"2026-03-12 17:20:34"}
{"level":"info","message":"[DB] Initialized DBModel","timestamp":"2026-03-12 17:20:34"}
{"level":"info","message":"[redis] connecting to \u001b[34mredis://:@localhost:6379\u001b[0m","timestamp":"2026-03-12 17:20:34"}
{"level":"info","message":"server is running!","timestamp":"2026-03-12 17:20:34"}
{"level":"info","message":"[DB] Connecting to DB: \u001b[34mlocalhost:3306\u001b[0m","timestamp":"2026-03-12 17:20:59"}
{"level":"info","message":"[DB] Initialized DBModel","timestamp":"2026-03-12 17:20:59"}
{"level":"info","message":"[redis] connecting to \u001b[34mredis://:@localhost:6379\u001b[0m","timestamp":"2026-03-12 17:20:59"}
{"level":"info","message":"server is running!","timestamp":"2026-03-12 17:20:59"}
